<?xml version="1.0" encoding="UTF-8"?>
<!-- Generated by org.testng.reporters.JUnitReportReporter -->
<testsuite hostname="LAPTOP-5738PF4F" failures="0" tests="2" name="TestNG.TestNGClass_Flipkart_BuyNow" time="10.229" errors="0" timestamp="2023-02-22T23:51:07 IST" skipped="0">
  <testcase classname="TestNG.TestNGClass_Flipkart_BuyNow" name="toBuyTheProduct" time="5.236"/>
  <system-out/>
  <testcase classname="TestNG.TestNGClass_Flipkart_BuyNow" name="toBuyTheProduct" time="4.993"/>
  <system-out/>
</testsuite> <!-- TestNG.TestNGClass_Flipkart_BuyNow -->
