<?xml version="1.0" encoding="UTF-8"?>
<!-- Generated by org.testng.reporters.JUnitReportReporter -->
<testsuite hostname="LAPTOP-5738PF4F" failures="0" tests="2" name="Practice.Practice_Flipkart1" time="10.573" errors="0" timestamp="2023-02-11T00:56:01 IST" skipped="0">
  <testcase classname="Practice.Practice_Flipkart1" name="viewProductDetails1" time="5.261"/>
  <system-out/>
  <testcase classname="Practice.Practice_Flipkart1" name="viewProductDetails1" time="5.312"/>
  <system-out/>
</testsuite> <!-- Practice.Practice_Flipkart1 -->
