<?xml version="1.0" encoding="UTF-8"?>
<!-- Generated by org.testng.reporters.JUnitReportReporter -->
<testsuite hostname="LAPTOP-5738PF4F" failures="0" tests="2" name="TestNG.Flipkart_AddToCart" time="11.346" errors="0" timestamp="2023-02-22T23:51:07 IST" skipped="0">
  <testcase classname="TestNG.Flipkart_AddToCart" name="toAddToCartProduct" time="5.653"/>
  <system-out/>
  <testcase classname="TestNG.Flipkart_AddToCart" name="toAddToCartProduct" time="5.693"/>
  <system-out/>
</testsuite> <!-- TestNG.Flipkart_AddToCart -->
