<?xml version="1.0" encoding="UTF-8"?>
<!-- Generated by org.testng.reporters.JUnitReportReporter -->
<testsuite hostname="LAPTOP-5738PF4F" failures="0" tests="2" name="TestNG.BuyACourse" time="26.401" errors="0" timestamp="2023-02-27T00:53:02 IST" skipped="0">
  <testcase classname="TestNG.BuyACourse" name="buyACourse" time="13.247"/>
  <system-out/>
  <testcase classname="TestNG.BuyACourse" name="buyACourse" time="13.154"/>
  <system-out/>
</testsuite> <!-- TestNG.BuyACourse -->
