<?xml version="1.0" encoding="UTF-8"?>
<!-- Generated by org.testng.reporters.JUnitReportReporter -->
<testsuite hostname="LAPTOP-5738PF4F" failures="0" tests="2" name="TestNG.ScheduleFreeClass" time="2.044" errors="0" timestamp="2023-02-27T00:53:02 IST" skipped="0">
  <testcase classname="TestNG.ScheduleFreeClass" name="clickOnScheduleFreeClassButton" time="1.287"/>
  <system-out/>
  <testcase classname="TestNG.ScheduleFreeClass" name="clickOnScheduleFreeClassButton" time="0.757"/>
  <system-out/>
</testsuite> <!-- TestNG.ScheduleFreeClass -->
