<?xml version="1.0" encoding="UTF-8"?>
<!-- Generated by org.testng.reporters.JUnitReportReporter -->
<testsuite hostname="LAPTOP-5738PF4F" failures="0" tests="1" name="TestNG.ScheduleFreeClass" time="0.556" errors="0" timestamp="2023-02-12T23:02:52 IST" skipped="0">
  <testcase classname="TestNG.ScheduleFreeClass" name="clickOnScheduleFreeClassButton" time="0.556"/>
  <system-out/>
</testsuite> <!-- TestNG.ScheduleFreeClass -->
