<?xml version="1.0" encoding="UTF-8"?>
<!-- Generated by org.testng.reporters.JUnitReportReporter -->
<testsuite hostname="LAPTOP-5738PF4F" failures="0" tests="2" name="TestNG.ScheduleFreeClass_TestNG" time="0.000" errors="0" timestamp="2023-02-13T09:32:47 IST" skipped="2">
  <testcase classname="TestNG.ScheduleFreeClass_TestNG" name="clickOnScheduleFreeClassButton" time="0.000">
    <skipped/>
  </testcase> <!-- clickOnScheduleFreeClassButton -->
  <system-out/>
  <testcase classname="TestNG.ScheduleFreeClass_TestNG" name="clickOnScheduleFreeClassButton" time="0.000">
    <skipped/>
  </testcase> <!-- clickOnScheduleFreeClassButton -->
  <system-out/>
</testsuite> <!-- TestNG.ScheduleFreeClass_TestNG -->
